<?xml version="1.0" encoding="UTF-8" ?>
<testsuite tests="11" failures="2" name="org.springframework.samples.petclinic.web.OwnerControllerTests" time="0.301" errors="0" skipped="0">
  <properties>
[...]
</properties>
  <testcase classname="org.springframework.samples.petclinic.web.OwnerControllerTests" name="testProcessUpdateOwnerFormHasErrors" time="0.067"/>
  <testcase classname="org.springframework.samples.petclinic.web.OwnerControllerTests" name="testProcessCreationFormSuccess" time="0.027"/>
  <testcase classname="org.springframework.samples.petclinic.web.OwnerControllerTests" name="testInitFindForm" time="0.016"/>
  <testcase classname="org.springframework.samples.petclinic.web.OwnerControllerTests" name="testShowOwner" time="0.037"/>
  <testcase classname="org.springframework.samples.petclinic.web.OwnerControllerTests" name="testInitUpdateOwnerForm" time="0.015"/>
  <testcase classname="org.springframework.samples.petclinic.web.OwnerControllerTests" name="testInitCreationForm" time="0.016"/>
  <testcase classname="org.springframework.samples.petclinic.web.OwnerControllerTests" name="testProcessFindFormByLastName" time="0.013"/>
  <testcase classname="org.springframework.samples.petclinic.web.OwnerControllerTests" name="testProcessFindFormNoOwnersFound" time="0.017">
    <failure message="No errors for field &apos;lastName&apos; of attribute &apos;owner&apos;" type="java.lang.AssertionError">java.lang.AssertionError: No errors for field &apos;lastName&apos; of attribute &apos;owner&apos;
	at org.springframework.test.util.AssertionErrors.fail(AssertionErrors.java:35)
	at org.springframework.test.util.AssertionErrors.assertTrue(AssertionErrors.java:65)
	at org.springframework.test.web.servlet.result.ModelResultMatchers$8.match(ModelResultMatchers.java:163)
	at org.springframework.test.web.servlet.MockMvc$1.andExpect(MockMvc.java:171)
	at org.springframework.samples.petclinic.web.OwnerControllerTests.testProcessFindFormNoOwnersFound(OwnerControllerTests.java:128)
</failure>
    <system-out>INFO  StandaloneMockMvcBuilder$StaticRequestMappingHandlerMapping - Mapped &quot;{[/owners/{ownerId}/edit],methods=[GET]}&quot; onto public java.lang.String org.springframework.samples.petclinic.web.OwnerController.initUpdateOwnerForm(int,org.springframework.ui.Model)
INFO  StandaloneMockMvcBuilder$StaticRequestMappingHandlerMapping - Mapped &quot;{[/owners/{ownerId}/edit],methods=[POST]}&quot; onto public java.lang.String org.springframework.samples.petclinic.web.OwnerController.processUpdateOwnerForm(org.springframework.samples.petclinic.model.Owner,org.springframework.validation.BindingResult,int)
INFO  StandaloneMockMvcBuilder$StaticRequestMappingHandlerMapping - Mapped &quot;{[/owners/new],methods=[POST]}&quot; onto public java.lang.String org.springframework.samples.petclinic.web.OwnerController.processCreationForm(org.springframework.samples.petclinic.model.Owner,org.springframework.validation.BindingResult)
INFO  StandaloneMockMvcBuilder$StaticRequestMappingHandlerMapping - Mapped &quot;{[/owners/{ownerId}]}&quot; onto public org.springframework.web.servlet.ModelAndView org.springframework.samples.petclinic.web.OwnerController.showOwner(int)
INFO  StandaloneMockMvcBuilder$StaticRequestMappingHandlerMapping - Mapped &quot;{[/owners/find],methods=[GET]}&quot; onto public java.lang.String org.springframework.samples.petclinic.web.OwnerController.initFindForm(java.util.Map&lt;java.lang.String, java.lang.Object&gt;)
INFO  StandaloneMockMvcBuilder$StaticRequestMappingHandlerMapping - Mapped &quot;{[/owners],methods=[GET]}&quot; onto public java.lang.String org.springframework.samples.petclinic.web.OwnerController.processFindForm(org.springframework.samples.petclinic.model.Owner,org.springframework.validation.BindingResult,java.util.Map&lt;java.lang.String, java.lang.Object&gt;)
INFO  StandaloneMockMvcBuilder$StaticRequestMappingHandlerMapping - Mapped &quot;{[/owners/new],methods=[GET]}&quot; onto public java.lang.String org.springframework.samples.petclinic.web.OwnerController.initCreationForm(java.util.Map&lt;java.lang.String, java.lang.Object&gt;)
INFO  RequestMappingHandlerAdapter - Looking for @ControllerAdvice: org.springframework.test.web.servlet.setup.StubWebApplicationContext@1c05097c
INFO  MockServletContext - Initializing Spring FrameworkServlet &apos;&apos;
INFO  TestDispatcherServlet - FrameworkServlet &apos;&apos;: initialization started
INFO  TestDispatcherServlet - FrameworkServlet &apos;&apos;: initialization completed in 0 ms
</system-out>
  </testcase>
  <testcase classname="org.springframework.samples.petclinic.web.OwnerControllerTests" name="testProcessFindFormSuccess" time="0.015">
    <failure message="View name expected:&lt;owners/ownersList&gt; but was:&lt;owners/findOwners&gt;" type="java.lang.AssertionError">java.lang.AssertionError: View name expected:&lt;owners/ownersList&gt; but was:&lt;owners/findOwners&gt;
	at org.springframework.test.util.AssertionErrors.fail(AssertionErrors.java:54)
	at org.springframework.test.util.AssertionErrors.assertEquals(AssertionErrors.java:81)
	at org.springframework.test.web.servlet.result.ViewResultMatchers$2.match(ViewResultMatchers.java:70)
	at org.springframework.test.web.servlet.MockMvc$1.andExpect(MockMvc.java:171)
	at org.springframework.samples.petclinic.web.OwnerControllerTests.testProcessFindFormSuccess(OwnerControllerTests.java:108)
</failure>
    <system-out>INFO  StandaloneMockMvcBuilder$StaticRequestMappingHandlerMapping - Mapped &quot;{[/owners/{ownerId}/edit],methods=[GET]}&quot; onto public java.lang.String org.springframework.samples.petclinic.web.OwnerController.initUpdateOwnerForm(int,org.springframework.ui.Model)
INFO  StandaloneMockMvcBuilder$StaticRequestMappingHandlerMapping - Mapped &quot;{[/owners/{ownerId}/edit],methods=[POST]}&quot; onto public java.lang.String org.springframework.samples.petclinic.web.OwnerController.processUpdateOwnerForm(org.springframework.samples.petclinic.model.Owner,org.springframework.validation.BindingResult,int)
INFO  StandaloneMockMvcBuilder$StaticRequestMappingHandlerMapping - Mapped &quot;{[/owners/new],methods=[POST]}&quot; onto public java.lang.String org.springframework.samples.petclinic.web.OwnerController.processCreationForm(org.springframework.samples.petclinic.model.Owner,org.springframework.validation.BindingResult)
INFO  StandaloneMockMvcBuilder$StaticRequestMappingHandlerMapping - Mapped &quot;{[/owners/{ownerId}]}&quot; onto public org.springframework.web.servlet.ModelAndView org.springframework.samples.petclinic.web.OwnerController.showOwner(int)
INFO  StandaloneMockMvcBuilder$StaticRequestMappingHandlerMapping - Mapped &quot;{[/owners/find],methods=[GET]}&quot; onto public java.lang.String org.springframework.samples.petclinic.web.OwnerController.initFindForm(java.util.Map&lt;java.lang.String, java.lang.Object&gt;)
INFO  StandaloneMockMvcBuilder$StaticRequestMappingHandlerMapping - Mapped &quot;{[/owners],methods=[GET]}&quot; onto public java.lang.String org.springframework.samples.petclinic.web.OwnerController.processFindForm(org.springframework.samples.petclinic.model.Owner,org.springframework.validation.BindingResult,java.util.Map&lt;java.lang.String, java.lang.Object&gt;)
INFO  StandaloneMockMvcBuilder$StaticRequestMappingHandlerMapping - Mapped &quot;{[/owners/new],methods=[GET]}&quot; onto public java.lang.String org.springframework.samples.petclinic.web.OwnerController.initCreationForm(java.util.Map&lt;java.lang.String, java.lang.Object&gt;)
INFO  RequestMappingHandlerAdapter - Looking for @ControllerAdvice: org.springframework.test.web.servlet.setup.StubWebApplicationContext@6edd4fe2
INFO  MockServletContext - Initializing Spring FrameworkServlet &apos;&apos;
INFO  TestDispatcherServlet - FrameworkServlet &apos;&apos;: initialization started
INFO  TestDispatcherServlet - FrameworkServlet &apos;&apos;: initialization completed in 0 ms
</system-out>
  </testcase>
  <testcase classname="org.springframework.samples.petclinic.web.OwnerControllerTests" name="testProcessUpdateOwnerFormSuccess" time="0.056"/>
  <testcase classname="org.springframework.samples.petclinic.web.OwnerControllerTests" name="testProcessCreationFormHasErrors" time="0.022"/>
</testsuite>